<?xml version="1.0" encoding="UTF-8"?>
<testsuite xmlns:xsi="http://www.w3.org/2001/XMLSchema-instance" xsi:noNamespaceSchemaLocation="https://maven.apache.org/surefire/maven-surefire-plugin/xsd/surefire-test-report.xsd" name="verification.TestAddAssignment" time="0.055" tests="9" errors="0" skipped="0" failures="0">
  <properties>
[...]
</properties>
  <testcase name="testAddAssignmentStringIdEmptyDescription" classname="verification.TestAddAssignment" time="0"/>
  <testcase name="testAddAssignmentEmptyFields" classname="verification.TestAddAssignment" time="0"/>
  <testcase name="testAddAssignmentInvalidFields" classname="verification.TestAddAssignment" time="0.002"/>
  <testcase name="testAddAssignmentInvalidDeadline" classname="verification.TestAddAssignment" time="0.009"/>
  <testcase name="testAddAssignmentStringIdNumericDescription" classname="verification.TestAddAssignment" time="0.011"/>
  <testcase name="testAddAssignmentValidFields" classname="verification.TestAddAssignment" time="0.012"/>
  <testcase name="testAddAssignmentInvalidStartline" classname="verification.TestAddAssignment" time="0.008"/>
  <testcase name="testAddAssignmentNullFields" classname="verification.TestAddAssignment" time="0.007"/>
  <testcase name="testAddDuplicate" classname="verification.TestAddAssignment" time="0.006"/>
</testsuite>